This file contains any messages produced by compilers while
running configure, to aid debugging if configure makes a mistake.

It was created by libisz configure 0.1, which was
generated by GNU Autoconf 2.69.  Invocation command line was

  $ ./configure 

## --------- ##
## Platform. ##
## --------- ##

hostname = happy
uname -m = x86_64
uname -r = 4.4.14
uname -s = Linux
uname -v = #2 SMP Fri Jun 24 13:38:27 CDT 2016

/usr/bin/uname -p = Intel(R) Core(TM)2 CPU         T7200  @ 2.00GHz
/bin/uname -X     = unknown

/bin/arch              = x86_64
/usr/bin/arch -k       = unknown
/usr/convex/getsysinfo = unknown
/usr/bin/hostinfo      = unknown
/bin/machine           = unknown
/usr/bin/oslevel       = unknown
/bin/universe          = unknown

PATH: /usr/local/bin
PATH: /usr/bin
PATH: /bin
PATH: /usr/games
PATH: /usr/lib64/kde4/libexec
PATH: /usr/lib64/qt/bin
PATH: /usr/share/texmf/bin


## ----------- ##
## Core tests. ##
## ----------- ##

configure:1835: checking for a BSD-compatible install
configure:1903: result: /usr/bin/ginstall -c
configure:1914: checking whether build environment is sane
configure:1969: result: yes
configure:2120: checking for a thread-safe mkdir -p
configure:2159: result: /usr/bin/mkdir -p
configure:2166: checking for gawk
configure:2182: found /usr/bin/gawk
configure:2193: result: gawk
configure:2204: checking whether make sets $(MAKE)
configure:2226: result: yes
configure:2255: checking whether make supports nested variables
configure:2272: result: yes
configure:2451: checking for gcc
configure:2467: found /usr/bin/gcc
configure:2478: result: gcc
configure:2707: checking for C compiler version
configure:2716: gcc --version >&5
gcc (GCC) 5.5.0
Copyright (C) 2015 Free Software Foundation, Inc.
This is free software; see the source for copying conditions.  There is NO
warranty; not even for MERCHANTABILITY or FITNESS FOR A PARTICULAR PURPOSE.

configure:2727: $? = 0
configure:2716: gcc -v >&5
Reading specs from /usr/lib64/gcc/x86_64-slackware-linux/5.5.0/specs
COLLECT_GCC=gcc
COLLECT_LTO_WRAPPER=/usr/libexec/gcc/x86_64-slackware-linux/5.5.0/lto-wrapper
Target: x86_64-slackware-linux
Configured with: ../gcc-5.5.0/configure --prefix=/usr --libdir=/usr/lib64 --mandir=/usr/man --infodir=/usr/info --enable-shared --enable-bootstrap --enable-languages=ada,c,c++,fortran,go,java,lto,objc --enable-threads=posix --enable-checking=release --enable-objc-gc --with-system-zlib --with-python-dir=/lib64/python2.7/site-packages --enable-libstdcxx-dual-abi --with-default-libstdcxx-abi=gcc4-compatible --disable-libunwind-exceptions --enable-__cxa_atexit --enable-libssp --enable-lto --disable-install-libiberty --with-gnu-ld --verbose --enable-java-home --with-java-home=/usr/lib64/jvm/jre --with-jvm-root-dir=/usr/lib64/jvm --with-jvm-jar-dir=/usr/lib64/jvm/jvm-exports --with-arch-directory=amd64 --with-antlr-jar=/tmp/slackware64-14.2/gcc/antlr-runtime-3.4.jar --enable-java-awt=gtk --disable-gtktest --disable-multilib --target=x86_64-slackware-linux --build=x86_64-slackware-linux --host=x86_64-slackware-linux
Thread model: posix
gcc version 5.5.0 (GCC) 
configure:2727: $? = 0
configure:2716: gcc -V >&5
gcc: error: unrecognized command line option '-V'
gcc: fatal error: no input files
compilation terminated.
configure:2727: $? = 1
configure:2716: gcc -qversion >&5
gcc: error: unrecognized command line option '-qversion'
gcc: fatal error: no input files
compilation terminated.
configure:2727: $? = 1
configure:2747: checking whether the C compiler works
configure:2769: gcc    conftest.c  >&5
configure:2773: $? = 0
configure:2821: result: yes
configure:2824: checking for C compiler default output file name
configure:2826: result: a.out
configure:2832: checking for suffix of executables
configure:2839: gcc -o conftest    conftest.c  >&5
configure:2843: $? = 0
configure:2865: result: 
configure:2887: checking whether we are cross compiling
configure:2895: gcc -o conftest    conftest.c  >&5
configure:2899: $? = 0
configure:2906: ./conftest
configure:2910: $? = 0
configure:2925: result: no
configure:2930: checking for suffix of object files
configure:2952: gcc -c   conftest.c >&5
configure:2956: $? = 0
configure:2977: result: o
configure:2981: checking whether we are using the GNU C compiler
configure:3000: gcc -c   conftest.c >&5
configure:3000: $? = 0
configure:3009: result: yes
configure:3018: checking whether gcc accepts -g
configure:3038: gcc -c -g  conftest.c >&5
configure:3038: $? = 0
configure:3079: result: yes
configure:3096: checking for gcc option to accept ISO C89
configure:3159: gcc  -c -g -O2  conftest.c >&5
configure:3159: $? = 0
configure:3172: result: none needed
configure:3197: checking whether gcc understands -c and -o together
configure:3219: gcc -c conftest.c -o conftest2.o
configure:3222: $? = 0
configure:3219: gcc -c conftest.c -o conftest2.o
configure:3222: $? = 0
configure:3234: result: yes
configure:3262: checking for style of include used by make
configure:3290: result: GNU
configure:3316: checking dependency style of gcc
configure:3427: result: gcc3
configure:3442: checking for gcc option to accept ISO C89
configure:3518: result: none needed
configure:3576: checking for ranlib
configure:3592: found /usr/bin/ranlib
configure:3603: result: ranlib
configure:3675: checking for ar
configure:3691: found /usr/bin/ar
configure:3702: result: ar
configure:3728: checking the archiver (ar) interface
configure:3744: gcc -c -g -O2  conftest.c >&5
configure:3744: $? = 0
configure:3746: ar cru libconftest.a conftest.o >&5
configure:3749: $? = 0
configure:3777: result: ar
configure:3917: checking that generated files are newer than configure
configure:3923: result: done
configure:3946: creating ./config.status

## ---------------------- ##
## Running config.status. ##
## ---------------------- ##

This file was extended by libisz config.status 0.1, which was
generated by GNU Autoconf 2.69.  Invocation command line was

  CONFIG_FILES    = 
  CONFIG_HEADERS  = 
  CONFIG_LINKS    = 
  CONFIG_COMMANDS = 
  $ ./config.status 

on happy

config.status:844: creating Makefile
config.status:844: creating src/Makefile
config.status:844: creating test/Makefile
config.status:844: creating config.h
config.status:1073: executing depfiles commands

## ---------------- ##
## Cache variables. ##
## ---------------- ##

ac_cv_c_compiler_gnu=yes
ac_cv_env_CC_set=
ac_cv_env_CC_value=
ac_cv_env_CFLAGS_set=
ac_cv_env_CFLAGS_value=
ac_cv_env_CPPFLAGS_set=
ac_cv_env_CPPFLAGS_value=
ac_cv_env_LDFLAGS_set=
ac_cv_env_LDFLAGS_value=
ac_cv_env_LIBS_set=
ac_cv_env_LIBS_value=
ac_cv_env_build_alias_set=
ac_cv_env_build_alias_value=
ac_cv_env_host_alias_set=
ac_cv_env_host_alias_value=
ac_cv_env_target_alias_set=
ac_cv_env_target_alias_value=
ac_cv_objext=o
ac_cv_path_install='/usr/bin/ginstall -c'
ac_cv_path_mkdir=/usr/bin/mkdir
ac_cv_prog_AWK=gawk
ac_cv_prog_ac_ct_AR=ar
ac_cv_prog_ac_ct_CC=gcc
ac_cv_prog_ac_ct_RANLIB=ranlib
ac_cv_prog_cc_c89=
ac_cv_prog_cc_g=yes
ac_cv_prog_make_make_set=yes
am_cv_CC_dependencies_compiler_type=gcc3
am_cv_ar_interface=ar
am_cv_make_support_nested_variables=yes
am_cv_prog_cc_c_o=yes

## ----------------- ##
## Output variables. ##
## ----------------- ##

ACLOCAL='${SHELL} /home/irko/src/moje/c/libisz/missing aclocal-1.15'
AMDEPBACKSLASH='\'
AMDEP_FALSE='#'
AMDEP_TRUE=''
AMTAR='$${TAR-tar}'
AM_BACKSLASH='\'
AM_DEFAULT_V='$(AM_DEFAULT_VERBOSITY)'
AM_DEFAULT_VERBOSITY='1'
AM_V='$(V)'
AR='ar'
AUTOCONF='${SHELL} /home/irko/src/moje/c/libisz/missing autoconf'
AUTOHEADER='${SHELL} /home/irko/src/moje/c/libisz/missing autoheader'
AUTOMAKE='${SHELL} /home/irko/src/moje/c/libisz/missing automake-1.15'
AWK='gawk'
CC='gcc'
CCDEPMODE='depmode=gcc3'
CFLAGS='-g -O2'
CPPFLAGS=''
CYGPATH_W='echo'
DEFS='-DHAVE_CONFIG_H'
DEPDIR='.deps'
ECHO_C=''
ECHO_N='-n'
ECHO_T=''
EXEEXT=''
INSTALL_DATA='${INSTALL} -m 644'
INSTALL_PROGRAM='${INSTALL}'
INSTALL_SCRIPT='${INSTALL}'
INSTALL_STRIP_PROGRAM='$(install_sh) -c -s'
LDFLAGS=''
LIBOBJS=''
LIBS=''
LTLIBOBJS=''
MAKEINFO='${SHELL} /home/irko/src/moje/c/libisz/missing makeinfo'
MKDIR_P='/usr/bin/mkdir -p'
OBJEXT='o'
PACKAGE='libisz'
PACKAGE_BUGREPORT='doriirek@gmail.com'
PACKAGE_NAME='libisz'
PACKAGE_STRING='libisz 0.1'
PACKAGE_TARNAME='libisz'
PACKAGE_URL=''
PACKAGE_VERSION='0.1'
PATH_SEPARATOR=':'
RANLIB='ranlib'
SET_MAKE=''
SHELL='/bin/sh'
STRIP=''
VERSION='0.1'
ac_ct_AR='ar'
ac_ct_CC='gcc'
am__EXEEXT_FALSE=''
am__EXEEXT_TRUE='#'
am__fastdepCC_FALSE='#'
am__fastdepCC_TRUE=''
am__include='include'
am__isrc=''
am__leading_dot='.'
am__nodep='_no'
am__quote=''
am__tar='$${TAR-tar} chof - "$$tardir"'
am__untar='$${TAR-tar} xf -'
bindir='${exec_prefix}/bin'
build_alias=''
datadir='${datarootdir}'
datarootdir='${prefix}/share'
docdir='${datarootdir}/doc/${PACKAGE_TARNAME}'
dvidir='${docdir}'
exec_prefix='${prefix}'
host_alias=''
htmldir='${docdir}'
includedir='${prefix}/include'
infodir='${datarootdir}/info'
install_sh='${SHELL} /home/irko/src/moje/c/libisz/install-sh'
libdir='${exec_prefix}/lib'
libexecdir='${exec_prefix}/libexec'
localedir='${datarootdir}/locale'
localstatedir='${prefix}/var'
mandir='${datarootdir}/man'
mkdir_p='$(MKDIR_P)'
oldincludedir='/usr/include'
pdfdir='${docdir}'
prefix='/usr/local'
program_transform_name='s,x,x,'
psdir='${docdir}'
sbindir='${exec_prefix}/sbin'
sharedstatedir='${prefix}/com'
sysconfdir='${prefix}/etc'
target_alias=''

## ----------- ##
## confdefs.h. ##
## ----------- ##

/* confdefs.h */
#define PACKAGE_NAME "libisz"
#define PACKAGE_TARNAME "libisz"
#define PACKAGE_VERSION "0.1"
#define PACKAGE_STRING "libisz 0.1"
#define PACKAGE_BUGREPORT "doriirek@gmail.com"
#define PACKAGE_URL ""
#define PACKAGE "libisz"
#define VERSION "0.1"

configure: exit 0

## ---------------------- ##
## Running config.status. ##
## ---------------------- ##

This file was extended by libisz config.status 0.1, which was
generated by GNU Autoconf 2.69.  Invocation command line was

  CONFIG_FILES    = 
  CONFIG_HEADERS  = 
  CONFIG_LINKS    = 
  CONFIG_COMMANDS = 
  $ ./config.status test/Makefile depfiles

on happy

config.status:844: creating test/Makefile
config.status:1073: executing depfiles commands

## ---------------------- ##
## Running config.status. ##
## ---------------------- ##

This file was extended by libisz config.status 0.1, which was
generated by GNU Autoconf 2.69.  Invocation command line was

  CONFIG_FILES    = 
  CONFIG_HEADERS  = 
  CONFIG_LINKS    = 
  CONFIG_COMMANDS = 
  $ ./config.status src/Makefile depfiles

on happy

config.status:844: creating src/Makefile
config.status:1073: executing depfiles commands

## ---------------------- ##
## Running config.status. ##
## ---------------------- ##

This file was extended by libisz config.status 0.1, which was
generated by GNU Autoconf 2.69.  Invocation command line was

  CONFIG_FILES    = 
  CONFIG_HEADERS  = 
  CONFIG_LINKS    = 
  CONFIG_COMMANDS = 
  $ ./config.status test/Makefile depfiles

on happy

config.status:844: creating test/Makefile
config.status:1073: executing depfiles commands

## ---------------------- ##
## Running config.status. ##
## ---------------------- ##

This file was extended by libisz config.status 0.1, which was
generated by GNU Autoconf 2.69.  Invocation command line was

  CONFIG_FILES    = 
  CONFIG_HEADERS  = 
  CONFIG_LINKS    = 
  CONFIG_COMMANDS = 
  $ ./config.status test/Makefile depfiles

on happy

config.status:844: creating test/Makefile
config.status:1073: executing depfiles commands

## ---------------------- ##
## Running config.status. ##
## ---------------------- ##

This file was extended by libisz config.status 0.1, which was
generated by GNU Autoconf 2.69.  Invocation command line was

  CONFIG_FILES    = 
  CONFIG_HEADERS  = 
  CONFIG_LINKS    = 
  CONFIG_COMMANDS = 
  $ ./config.status src/Makefile depfiles

on happy

config.status:844: creating src/Makefile
config.status:1073: executing depfiles commands
